2017-11-09 13:10:47.194 : [ShareSync.Program.Main][=============== BEGIN ===============]
2017-11-09 13:10:47.196 : [ShareSync.Program.Main][运行 IRAP ShareSync (V 6.1)]
2017-11-09 13:10:47.267 : [ShareSync.DoActionToFile.InitProducer][正在连接远程文件夹 ......]
2017-11-09 13:10:47.317 : [ShareSync.DoActionToFile.InitProducer][远程文件夹 连接成功,开始同步文件...]
2017-11-09 13:10:52.356 : [ShareSync.DoActionToFile.tmReadFromxFile_Tick][2017/11/9 13:10:52同步成功:D:\PrintFile\新建文本文档 - 副本.flg]
2017-11-09 13:10:52.374 : [ShareSync.DoActionToFile.tmReadFromxFile_Tick][2017/11/9 13:10:52同步成功:D:\PrintFile\新建文本文档.flg]
2017-11-09 13:10:57.393 : [ShareSync.DoActionToFile.tmReadFromxFile_Tick][2017/11/9 13:10:57同步成功:D:\PrintFile\新建文本文档 - 副本.flg]
2017-11-09 13:10:57.419 : [ShareSync.DoActionToFile.tmReadFromxFile_Tick][2017/11/9 13:10:57同步成功:D:\PrintFile\新建文本文档.flg]
2017-11-09 13:11:02.438 : [ShareSync.DoActionToFile.tmReadFromxFile_Tick][2017/11/9 13:11:02同步成功:D:\PrintFile\新建文本文档 - 副本.flg]
2017-11-09 13:11:02.458 : [ShareSync.DoActionToFile.tmReadFromxFile_Tick][2017/11/9 13:11:02同步成功:D:\PrintFile\新建文本文档.flg]
2017-11-09 13:11:03.677 : [ShareSync.DoActionToFile.CloseProducer][停止服务，关闭监听目录。]
2017-11-09 13:11:10.766 : [ShareSync.Program.Main][退出 IRAP ShareSync]
2017-11-09 13:11:10.768 : [ShareSync.Program.Main][=============== END ===============]

2017-11-09 13:32:50.017 : [ShareSync.Program.Main][=============== BEGIN ===============]
2017-11-09 13:32:50.020 : [ShareSync.Program.Main][运行 IRAP ShareSync (V 6.1)]
2017-11-09 13:32:50.685 : [ShareSync.DoActionToFile.InitProducer][正在连接远程文件夹 ......]
2017-11-09 13:32:50.809 : [ShareSync.DoActionToFile.InitProducer][远程文件夹 连接成功,开始同步文件...]
2017-11-09 13:32:56.283 : [ShareSync.DoActionToFile.tmReadFromxFile_Tick][2017/11/9 13:32:56同步成功:D:\PrintFile\新建文本文档 - 副本.flg]
2017-11-09 13:32:56.318 : [ShareSync.DoActionToFile.tmReadFromxFile_Tick][2017/11/9 13:32:56同步成功:D:\PrintFile\新建文本文档.flg]
2017-11-09 13:33:01.321 : [ShareSync.DoActionToFile.tmReadFromxFile_Tick][2017/11/9 13:33:01同步成功:D:\PrintFile\新建文本文档 - 副本.flg]
2017-11-09 13:33:01.329 : [ShareSync.DoActionToFile.tmReadFromxFile_Tick][2017/11/9 13:33:01同步成功:D:\PrintFile\新建文本文档.flg]
2017-11-09 13:33:06.337 : [ShareSync.DoActionToFile.tmReadFromxFile_Tick][2017/11/9 13:33:06同步成功:D:\PrintFile\新建文本文档 - 副本.flg]
2017-11-09 13:33:06.346 : [ShareSync.DoActionToFile.tmReadFromxFile_Tick][2017/11/9 13:33:06同步成功:D:\PrintFile\新建文本文档.flg]
2017-11-09 13:33:11.352 : [ShareSync.DoActionToFile.tmReadFromxFile_Tick][2017/11/9 13:33:11同步成功:D:\PrintFile\新建文本文档 - 副本.flg]
2017-11-09 13:33:11.362 : [ShareSync.DoActionToFile.tmReadFromxFile_Tick][2017/11/9 13:33:11同步成功:D:\PrintFile\新建文本文档.flg]
2017-11-09 13:33:16.371 : [ShareSync.DoActionToFile.tmReadFromxFile_Tick][2017/11/9 13:33:16同步成功:D:\PrintFile\新建文本文档 - 副本.flg]
2017-11-09 13:33:16.382 : [ShareSync.DoActionToFile.tmReadFromxFile_Tick][2017/11/9 13:33:16同步成功:D:\PrintFile\新建文本文档.flg]
2017-11-09 13:33:21.385 : [ShareSync.DoActionToFile.tmReadFromxFile_Tick][2017/11/9 13:33:21同步成功:D:\PrintFile\新建文本文档 - 副本.flg]
2017-11-09 13:33:21.395 : [ShareSync.DoActionToFile.tmReadFromxFile_Tick][2017/11/9 13:33:21同步成功:D:\PrintFile\新建文本文档.flg]
2017-11-09 13:33:26.398 : [ShareSync.DoActionToFile.tmReadFromxFile_Tick][2017/11/9 13:33:26同步成功:D:\PrintFile\新建文本文档.flg]
2017-11-09 13:33:31.410 : [ShareSync.DoActionToFile.tmReadFromxFile_Tick][2017/11/9 13:33:31同步成功:D:\PrintFile\新建文本文档.flg]
2017-11-09 13:33:36.426 : [ShareSync.DoActionToFile.tmReadFromxFile_Tick][2017/11/9 13:33:36同步成功:D:\PrintFile\新建文本文档.flg]
2017-11-09 13:33:41.435 : [ShareSync.DoActionToFile.tmReadFromxFile_Tick][2017/11/9 13:33:41同步成功:D:\PrintFile\新建文本文档.flg]
2017-11-09 13:33:46.447 : [ShareSync.DoActionToFile.tmReadFromxFile_Tick][2017/11/9 13:33:46同步成功:D:\PrintFile\新建文本文档.flg]
2017-11-09 13:33:51.447 : [ShareSync.DoActionToFile.tmReadFromxFile_Tick][2017/11/9 13:33:51同步成功:D:\PrintFile\新建文本文档.flg]
2017-11-09 13:33:56.449 : [ShareSync.DoActionToFile.tmReadFromxFile_Tick][2017/11/9 13:33:56同步成功:D:\PrintFile\新建文本文档.flg]
2017-11-09 13:34:01.467 : [ShareSync.DoActionToFile.tmReadFromxFile_Tick][2017/11/9 13:34:01同步成功:D:\PrintFile\新建文本文档.flg]
2017-11-09 13:34:06.476 : [ShareSync.DoActionToFile.tmReadFromxFile_Tick][2017/11/9 13:34:06同步成功:D:\PrintFile\新建文本文档.flg]
2017-11-09 13:34:11.478 : [ShareSync.DoActionToFile.tmReadFromxFile_Tick][2017/11/9 13:34:11同步成功:D:\PrintFile\新建文本文档.flg]
2017-11-09 13:34:12.318 : [ShareSync.DoActionToFile.CloseProducer][停止服务，关闭监听目录。]
2017-11-09 13:34:12.453 : [ShareSync.DoActionToFile.InitProducer][正在连接远程文件夹 ......]
2017-11-09 13:34:12.491 : [ShareSync.DoActionToFile.InitProducer][远程文件夹 连接成功,开始同步文件...]
2017-11-09 13:34:17.539 : [ShareSync.DoActionToFile.tmReadFromxFile_Tick][2017/11/9 13:34:17同步成功:D:\PrintFile\IRAP_2017-11-03.log]
2017-11-09 13:34:22.561 : [ShareSync.DoActionToFile.tmReadFromxFile_Tick][2017/11/9 13:34:22同步成功:D:\PrintFile\IRAP_2017-11-03.log]
2017-11-09 13:34:27.573 : [ShareSync.DoActionToFile.tmReadFromxFile_Tick][2017/11/9 13:34:27同步成功:D:\PrintFile\IRAP_2017-11-03.log]
2017-11-09 13:34:32.588 : [ShareSync.DoActionToFile.tmReadFromxFile_Tick][2017/11/9 13:34:32同步成功:D:\PrintFile\IRAP_2017-11-03.log]
2017-11-09 13:34:37.605 : [ShareSync.DoActionToFile.tmReadFromxFile_Tick][2017/11/9 13:34:37同步成功:D:\PrintFile\IRAP_2017-11-03.log]
2017-11-09 13:34:42.625 : [ShareSync.DoActionToFile.tmReadFromxFile_Tick][2017/11/9 13:34:42同步成功:D:\PrintFile\IRAP_2017-11-03.log]
2017-11-09 13:34:47.651 : [ShareSync.DoActionToFile.tmReadFromxFile_Tick][2017/11/9 13:34:47同步成功:D:\PrintFile\IRAP_2017-11-03.log]
2017-11-09 13:34:52.675 : [ShareSync.DoActionToFile.tmReadFromxFile_Tick][2017/11/9 13:34:52同步成功:D:\PrintFile\IRAP_2017-11-03.log]
2017-11-09 13:34:57.684 : [ShareSync.DoActionToFile.tmReadFromxFile_Tick][2017/11/9 13:34:57同步成功:D:\PrintFile\IRAP_2017-11-03.log]
2017-11-09 13:35:02.704 : [ShareSync.DoActionToFile.tmReadFromxFile_Tick][2017/11/9 13:35:02同步成功:D:\PrintFile\IRAP_2017-11-03.log]
2017-11-09 13:35:07.714 : [ShareSync.DoActionToFile.tmReadFromxFile_Tick][2017/11/9 13:35:07同步成功:D:\PrintFile\IRAP_2017-11-03.log]
2017-11-09 13:35:12.728 : [ShareSync.DoActionToFile.tmReadFromxFile_Tick][2017/11/9 13:35:12同步成功:D:\PrintFile\IRAP_2017-11-03.log]
2017-11-09 13:35:17.745 : [ShareSync.DoActionToFile.tmReadFromxFile_Tick][2017/11/9 13:35:17同步成功:D:\PrintFile\IRAP_2017-11-03.log]
2017-11-09 13:35:22.762 : [ShareSync.DoActionToFile.tmReadFromxFile_Tick][2017/11/9 13:35:22同步成功:D:\PrintFile\IRAP_2017-11-03.log]
2017-11-09 13:35:27.777 : [ShareSync.DoActionToFile.tmReadFromxFile_Tick][2017/11/9 13:35:27同步成功:D:\PrintFile\IRAP_2017-11-03.log]
2017-11-09 13:35:32.791 : [ShareSync.DoActionToFile.tmReadFromxFile_Tick][2017/11/9 13:35:32同步成功:D:\PrintFile\IRAP_2017-11-03.log]
2017-11-09 13:35:37.810 : [ShareSync.DoActionToFile.tmReadFromxFile_Tick][2017/11/9 13:35:37同步成功:D:\PrintFile\IRAP_2017-11-03.log]
2017-11-09 13:35:42.825 : [ShareSync.DoActionToFile.tmReadFromxFile_Tick][2017/11/9 13:35:42同步成功:D:\PrintFile\IRAP_2017-11-03.log]
2017-11-09 13:35:47.838 : [ShareSync.DoActionToFile.tmReadFromxFile_Tick][2017/11/9 13:35:47同步成功:D:\PrintFile\IRAP_2017-11-03.log]
2017-11-09 13:35:52.854 : [ShareSync.DoActionToFile.tmReadFromxFile_Tick][2017/11/9 13:35:52同步成功:D:\PrintFile\IRAP_2017-11-03.log]
2017-11-09 13:35:57.871 : [ShareSync.DoActionToFile.tmReadFromxFile_Tick][2017/11/9 13:35:57同步成功:D:\PrintFile\IRAP_2017-11-03.log]
2017-11-09 13:36:02.888 : [ShareSync.DoActionToFile.tmReadFromxFile_Tick][2017/11/9 13:36:02同步成功:D:\PrintFile\IRAP_2017-11-03.log]
2017-11-09 13:36:07.907 : [ShareSync.DoActionToFile.tmReadFromxFile_Tick][2017/11/9 13:36:07同步成功:D:\PrintFile\IRAP_2017-11-03.log]
2017-11-09 13:36:12.917 : [ShareSync.DoActionToFile.tmReadFromxFile_Tick][2017/11/9 13:36:12同步成功:D:\PrintFile\IRAP_2017-11-03.log]
2017-11-09 13:36:17.934 : [ShareSync.DoActionToFile.tmReadFromxFile_Tick][2017/11/9 13:36:17同步成功:D:\PrintFile\IRAP_2017-11-03.log]
2017-11-09 13:36:22.952 : [ShareSync.DoActionToFile.tmReadFromxFile_Tick][2017/11/9 13:36:22同步成功:D:\PrintFile\IRAP_2017-11-03.log]
2017-11-09 13:36:27.964 : [ShareSync.DoActionToFile.tmReadFromxFile_Tick][2017/11/9 13:36:27同步成功:D:\PrintFile\IRAP_2017-11-03.log]
2017-11-09 13:36:32.977 : [ShareSync.DoActionToFile.tmReadFromxFile_Tick][2017/11/9 13:36:32同步成功:D:\PrintFile\IRAP_2017-11-03.log]
2017-11-09 13:36:37.980 : [ShareSync.DoActionToFile.tmReadFromxFile_Tick][2017/11/9 13:36:37同步成功:D:\PrintFile\IRAP_2017-11-03.log]
2017-11-09 13:36:42.996 : [ShareSync.DoActionToFile.tmReadFromxFile_Tick][2017/11/9 13:36:42同步成功:D:\PrintFile\IRAP_2017-11-03.log]
2017-11-09 13:36:48.008 : [ShareSync.DoActionToFile.tmReadFromxFile_Tick][2017/11/9 13:36:48同步成功:D:\PrintFile\IRAP_2017-11-03.log]
2017-11-09 13:36:53.025 : [ShareSync.DoActionToFile.tmReadFromxFile_Tick][2017/11/9 13:36:53同步成功:D:\PrintFile\IRAP_2017-11-03.log]
2017-11-09 13:36:58.041 : [ShareSync.DoActionToFile.tmReadFromxFile_Tick][2017/11/9 13:36:58同步成功:D:\PrintFile\IRAP_2017-11-03.log]
2017-11-09 13:37:03.055 : [ShareSync.DoActionToFile.tmReadFromxFile_Tick][2017/11/9 13:37:03同步成功:D:\PrintFile\IRAP_2017-11-03.log]
2017-11-09 13:37:08.056 : [ShareSync.DoActionToFile.tmReadFromxFile_Tick][2017/11/9 13:37:08同步成功:D:\PrintFile\IRAP_2017-11-03.log]
2017-11-09 13:37:13.073 : [ShareSync.DoActionToFile.tmReadFromxFile_Tick][2017/11/9 13:37:13同步成功:D:\PrintFile\IRAP_2017-11-03.log]
2017-11-09 13:37:18.087 : [ShareSync.DoActionToFile.tmReadFromxFile_Tick][2017/11/9 13:37:18同步成功:D:\PrintFile\IRAP_2017-11-03.log]
2017-11-09 13:37:23.108 : [ShareSync.DoActionToFile.tmReadFromxFile_Tick][2017/11/9 13:37:23同步成功:D:\PrintFile\IRAP_2017-11-03.log]
2017-11-09 13:37:28.123 : [ShareSync.DoActionToFile.tmReadFromxFile_Tick][2017/11/9 13:37:28同步成功:D:\PrintFile\IRAP_2017-11-03.log]
2017-11-09 13:37:33.155 : [ShareSync.DoActionToFile.tmReadFromxFile_Tick][2017/11/9 13:37:33同步成功:D:\PrintFile\IRAP_2017-11-03.log]
2017-11-09 13:37:38.169 : [ShareSync.DoActionToFile.tmReadFromxFile_Tick][2017/11/9 13:37:38同步成功:D:\PrintFile\IRAP_2017-11-03.log]
2017-11-09 13:37:43.183 : [ShareSync.DoActionToFile.tmReadFromxFile_Tick][2017/11/9 13:37:43同步成功:D:\PrintFile\IRAP_2017-11-03.log]
2017-11-09 13:37:48.214 : [ShareSync.DoActionToFile.tmReadFromxFile_Tick][2017/11/9 13:37:48同步成功:D:\PrintFile\IRAP_2017-11-03.log]
2017-11-09 13:37:52.365 : [ShareSync.DoActionToFile.CloseProducer][停止服务，关闭监听目录。]
2017-11-09 13:37:57.921 : [ShareSync.DoActionToFile.InitProducer][正在连接远程文件夹 ......]
2017-11-09 13:37:57.954 : [ShareSync.DoActionToFile.InitProducer][远程文件夹 连接成功,开始同步文件...]
2017-11-09 13:38:02.978 : [ShareSync.DoActionToFile.tmReadFromxFile_Tick][2017/11/9 13:38:02同步成功:D:\PrintFile\IRAP_2017-11-03.log]
2017-11-09 13:38:07.994 : [ShareSync.DoActionToFile.tmReadFromxFile_Tick][2017/11/9 13:38:07同步成功:D:\PrintFile\IRAP_2017-11-03.log]
2017-11-09 13:38:13.018 : [ShareSync.DoActionToFile.tmReadFromxFile_Tick][2017/11/9 13:38:13同步成功:D:\PrintFile\IRAP_2017-11-03.log]
2017-11-09 13:38:15.014 : [ShareSync.DoActionToFile.CloseProducer][停止服务，关闭监听目录。]
2017-11-09 14:34:36.028 : [ShareSync.Program.Main][=============== BEGIN ===============]
2017-11-09 14:34:36.030 : [ShareSync.Program.Main][运行 IRAP ShareSync (V 6.1)]
2017-11-09 14:34:36.239 : [ShareSync.DoActionToFile.InitProducer][正在连接远程文件夹 ......]
2017-11-09 14:34:36.616 : [ShareSync.DoActionToFile.InitProducer][远程文件夹 连接成功,开始同步文件...]
2017-11-09 14:34:59.793 : [ShareSync.DoActionToFile.tmReadFromxFile_Tick][2017/11/9 14:34:59同步成功:D:\PrintFile\新建文本文档.flg]
2017-11-09 14:35:08.303 : [ShareSync.DoActionToFile.tmReadFromxFile_Tick][2017/11/9 14:35:08同步成功:D:\PrintFile\新建文本文档.flg]
2017-11-09 14:35:13.315 : [ShareSync.DoActionToFile.tmReadFromxFile_Tick][2017/11/9 14:35:13同步成功:D:\PrintFile\新建文本文档.flg]
2017-11-09 14:35:18.315 : [ShareSync.DoActionToFile.tmReadFromxFile_Tick][2017/11/9 14:35:18同步成功:D:\PrintFile\新建文本文档.flg]
2017-11-09 14:35:23.316 : [ShareSync.DoActionToFile.tmReadFromxFile_Tick][2017/11/9 14:35:23同步成功:D:\PrintFile\新建文本文档.flg]
2017-11-09 14:35:27.363 : [ShareSync.DoActionToFile.CloseProducer][停止服务，关闭监听目录。]
2017-11-09 14:35:27.504 : [ShareSync.DoActionToFile.InitProducer][正在连接远程文件夹 ......]
2017-11-09 14:35:27.535 : [ShareSync.DoActionToFile.InitProducer][连接失败:错误状态：85]
2017-11-09 14:35:38.920 : [ShareSync.DoActionToFile.CloseProducer][停止服务，关闭监听目录。]
2017-11-09 14:35:39.053 : [ShareSync.DoActionToFile.InitProducer][正在连接远程文件夹 ......]
2017-11-09 14:35:39.153 : [ShareSync.DoActionToFile.InitProducer][远程文件夹 连接成功,开始同步文件...]
2017-11-09 14:35:44.160 : [ShareSync.DoActionToFile.tmReadFromxFile_Tick][2017/11/9 14:35:44同步成功:D:\PrintFile\新建文本文档.flg]
2017-11-09 14:35:49.162 : [ShareSync.DoActionToFile.tmReadFromxFile_Tick][2017/11/9 14:35:49同步成功:D:\PrintFile\新建文本文档.flg]
2017-11-09 14:35:54.155 : [ShareSync.DoActionToFile.tmReadFromxFile_Tick][2017/11/9 14:35:54同步成功:D:\PrintFile\新建文本文档.flg]
2017-11-09 14:35:59.156 : [ShareSync.DoActionToFile.tmReadFromxFile_Tick][2017/11/9 14:35:59同步成功:D:\PrintFile\新建文本文档.flg]
2017-11-09 14:36:04.172 : [ShareSync.DoActionToFile.tmReadFromxFile_Tick][2017/11/9 14:36:04同步成功:D:\PrintFile\新建文本文档.flg]
2017-11-09 14:36:04.391 : [ShareSync.DoActionToFile.CloseProducer][停止服务，关闭监听目录。]
2017-11-09 14:36:04.531 : [ShareSync.DoActionToFile.InitProducer][正在连接远程文件夹 ......]
2017-11-09 14:36:04.578 : [ShareSync.DoActionToFile.InitProducer][远程文件夹 连接成功,开始同步文件...]
2017-11-09 14:36:09.601 : [ShareSync.DoActionToFile.tmReadFromxFile_Tick][2017/11/9 14:36:09同步成功:D:\PrintFile\新建文本文档.flg]
2017-11-09 14:36:14.619 : [ShareSync.DoActionToFile.tmReadFromxFile_Tick][2017/11/9 14:36:14同步成功:D:\PrintFile\新建文本文档.flg]
2017-11-09 14:36:18.666 : [ShareSync.DoActionToFile.CloseProducer][停止服务，关闭监听目录。]
2017-11-09 14:36:18.806 : [ShareSync.DoActionToFile.InitProducer][正在连接远程文件夹 ......]
2017-11-09 14:36:18.838 : [ShareSync.DoActionToFile.InitProducer][连接失败:错误状态：1200]
2017-11-09 14:36:30.564 : [ShareSync.DoActionToFile.CloseProducer][停止服务，关闭监听目录。]
2017-11-09 14:36:30.696 : [ShareSync.DoActionToFile.InitProducer][正在连接远程文件夹 ......]
2017-11-09 14:36:30.731 : [ShareSync.DoActionToFile.InitProducer][远程文件夹 连接成功,开始同步文件...]
2017-11-09 14:36:35.754 : [ShareSync.DoActionToFile.tmReadFromxFile_Tick][2017/11/9 14:36:35同步成功:D:\PrintFile\新建文本文档.flg]
2017-11-09 14:36:38.936 : [ShareSync.DoActionToFile.CloseProducer][停止服务，关闭监听目录。]
2017-11-09 14:36:39.105 : [ShareSync.DoActionToFile.InitProducer][正在连接远程文件夹 ......]
2017-11-09 14:36:39.136 : [ShareSync.DoActionToFile.InitProducer][连接失败:错误状态：85]
2017-11-09 14:36:45.538 : [ShareSync.DoActionToFile.CloseProducer][停止服务，关闭监听目录。]
2017-11-09 14:36:45.685 : [ShareSync.DoActionToFile.InitProducer][正在连接远程文件夹 ......]
2017-11-09 14:36:45.700 : [ShareSync.DoActionToFile.InitProducer][连接失败:错误状态：85]
2017-11-09 14:36:54.087 : [ShareSync.DoActionToFile.CloseProducer][停止服务，关闭监听目录。]
2017-11-09 14:36:54.221 : [ShareSync.DoActionToFile.InitProducer][正在连接远程文件夹 ......]
2017-11-09 14:36:54.326 : [ShareSync.DoActionToFile.InitProducer][远程文件夹 连接成功,开始同步文件...]
2017-11-09 14:36:58.243 : [ShareSync.DoActionToFile.CloseProducer][停止服务，关闭监听目录。]
2017-11-09 14:37:00.565 : [ShareSync.DoActionToFile.InitProducer][正在连接远程文件夹 ......]
2017-11-09 14:37:00.602 : [ShareSync.DoActionToFile.InitProducer][远程文件夹 连接成功,开始同步文件...]
2017-11-09 14:37:05.651 : [ShareSync.DoActionToFile.tmReadFromxFile_Tick][2017/11/9 14:37:05同步成功:D:\PrintFile\新建文本文档.flg]
2017-11-09 14:37:10.452 : [ShareSync.DoActionToFile.CloseProducer][停止服务，关闭监听目录。]
2017-11-09 14:43:06.208 : [ShareSync.DoActionToFile.InitProducer][正在连接远程文件夹 ......]
2017-11-09 14:43:06.244 : [ShareSync.DoActionToFile.InitProducer][远程文件夹 连接成功,开始同步文件...]
2017-11-09 14:43:11.400 : [ShareSync.DoActionToFile.tmReadFromxFile_Tick][同步失败:未将对象引用设置到对象的实例。]
2017-11-09 14:43:16.456 : [ShareSync.DoActionToFile.tmReadFromxFile_Tick][同步失败:未将对象引用设置到对象的实例。]
2017-11-09 14:43:21.501 : [ShareSync.DoActionToFile.tmReadFromxFile_Tick][同步失败:未将对象引用设置到对象的实例。]
2017-11-09 14:43:26.546 : [ShareSync.DoActionToFile.tmReadFromxFile_Tick][同步失败:未将对象引用设置到对象的实例。]
2017-11-09 14:43:31.591 : [ShareSync.DoActionToFile.tmReadFromxFile_Tick][同步失败:未将对象引用设置到对象的实例。]
2017-11-09 14:43:36.630 : [ShareSync.DoActionToFile.tmReadFromxFile_Tick][同步失败:未将对象引用设置到对象的实例。]
2017-11-09 14:46:10.584 : [ShareSync.DoActionToFile.tmReadFromxFile_Tick][同步失败:未将对象引用设置到对象的实例。]
2017-11-09 14:46:22.625 : [ShareSync.DoActionToFile.tmReadFromxFile_Tick][同步失败:未将对象引用设置到对象的实例。]
2017-11-09 14:46:27.473 : [ShareSync.DoActionToFile.CloseProducer][停止服务，关闭监听目录。]
2017-11-09 14:46:28.496 : [ShareSync.DoActionToFile.InitProducer][正在连接远程文件夹 ......]
2017-11-09 14:46:28.524 : [ShareSync.DoActionToFile.InitProducer][远程文件夹 连接成功,开始同步文件...]
2017-11-09 14:46:33.549 : [ShareSync.DoActionToFile.tmReadFromxFile_Tick][同步失败:未将对象引用设置到对象的实例。]
2017-11-09 14:46:38.584 : [ShareSync.DoActionToFile.tmReadFromxFile_Tick][同步失败:未将对象引用设置到对象的实例。]
2017-11-09 14:46:43.273 : [ShareSync.Program.Main][=============== BEGIN ===============]
2017-11-09 14:46:43.275 : [ShareSync.Program.Main][运行 IRAP ShareSync (V 6.1)]
2017-11-09 14:46:43.390 : [ShareSync.DoActionToFile.InitProducer][正在连接远程文件夹 ......]
2017-11-09 14:46:43.427 : [ShareSync.DoActionToFile.InitProducer][远程文件夹 连接成功,开始同步文件...]
2017-11-09 14:46:48.478 : [ShareSync.DoActionToFile.tmReadFromxFile_Tick][同步失败:未将对象引用设置到对象的实例。]
2017-11-09 14:46:53.508 : [ShareSync.DoActionToFile.tmReadFromxFile_Tick][同步失败:未将对象引用设置到对象的实例。]
2017-11-09 14:46:58.535 : [ShareSync.DoActionToFile.tmReadFromxFile_Tick][同步失败:未将对象引用设置到对象的实例。]
2017-11-09 14:47:03.563 : [ShareSync.DoActionToFile.tmReadFromxFile_Tick][同步失败:未将对象引用设置到对象的实例。]
2017-11-09 14:47:08.625 : [ShareSync.DoActionToFile.tmReadFromxFile_Tick][同步失败:未将对象引用设置到对象的实例。]
2017-11-09 14:47:13.667 : [ShareSync.DoActionToFile.tmReadFromxFile_Tick][同步失败:未将对象引用设置到对象的实例。]
2017-11-09 14:47:18.711 : [ShareSync.DoActionToFile.tmReadFromxFile_Tick][同步失败:未将对象引用设置到对象的实例。]
2017-11-09 14:50:23.451 : [ShareSync.DoActionToFile.tmReadFromxFile_Tick][同步失败:未将对象引用设置到对象的实例。]
2017-11-09 14:50:30.214 : [ShareSync.Program.Main][=============== BEGIN ===============]
2017-11-09 14:50:30.216 : [ShareSync.Program.Main][运行 IRAP ShareSync (V 6.1)]
2017-11-09 14:50:30.474 : [ShareSync.DoActionToFile.InitProducer][正在连接远程文件夹 ......]
2017-11-09 14:50:30.575 : [ShareSync.DoActionToFile.InitProducer][远程文件夹 连接成功,开始同步文件...]
2017-11-09 14:50:38.669 : [ShareSync.DoActionToFile.tmReadFromxFile_Tick][2017/11/9 14:50:38同步成功:D:\PrintFile\新建文本文档.flg]
2017-11-09 14:50:43.683 : [ShareSync.DoActionToFile.tmReadFromxFile_Tick][2017/11/9 14:50:43同步成功:D:\PrintFile\新建文本文档.flg]
2017-11-09 14:50:48.680 : [ShareSync.DoActionToFile.tmReadFromxFile_Tick][2017/11/9 14:50:48同步成功:D:\PrintFile\新建文本文档.flg]
2017-11-09 14:50:53.694 : [ShareSync.DoActionToFile.tmReadFromxFile_Tick][2017/11/9 14:50:53同步成功:D:\PrintFile\新建文本文档.flg]
2017-11-09 14:50:58.687 : [ShareSync.DoActionToFile.tmReadFromxFile_Tick][2017/11/9 14:50:58同步成功:D:\PrintFile\新建文本文档.flg]
2017-11-09 14:51:03.709 : [ShareSync.DoActionToFile.tmReadFromxFile_Tick][2017/11/9 14:51:03同步成功:D:\PrintFile\新建文本文档.flg]
2017-11-09 14:51:08.705 : [ShareSync.DoActionToFile.tmReadFromxFile_Tick][2017/11/9 14:51:08同步成功:D:\PrintFile\新建文本文档.flg]
2017-11-09 14:51:13.714 : [ShareSync.DoActionToFile.tmReadFromxFile_Tick][2017/11/9 14:51:13同步成功:D:\PrintFile\新建文本文档.flg]
2017-11-09 14:51:18.714 : [ShareSync.DoActionToFile.tmReadFromxFile_Tick][2017/11/9 14:51:18同步成功:D:\PrintFile\新建文本文档.flg]
2017-11-09 14:51:18.954 : [ShareSync.DoActionToFile.CloseProducer][停止服务，关闭监听目录。]
2017-11-09 14:53:21.603 : [ShareSync.Program.Main][退出 IRAP ShareSync]
2017-11-09 14:53:21.612 : [ShareSync.Program.Main][=============== END ===============]

